<?xml version="1.0" encoding="UTF-8"?>
<!-- Generated by org.testng.reporters.JUnitReportReporter -->
<testsuite hostname="ip-172-31-21-20" failures="0" tests="1" name="com.simplilearn.SeleniumDemos.TestScreenshot" time="2.767" errors="0" timestamp="2023-05-07T07:37:25 UTC" skipped="0">
  <testcase classname="com.simplilearn.SeleniumDemos.TestScreenshot" name="runScreen" time="2.767"/>
  <system-out/>
</testsuite> <!-- com.simplilearn.SeleniumDemos.TestScreenshot -->
