<?xml version="1.0" encoding="UTF-8"?>
<!-- Generated by org.testng.reporters.JUnitReportReporter -->
<testsuite hostname="ip-172-31-21-20" failures="0" tests="1" name="com.simplilearn.SeleniumDemos.LocatorsIdentifiers" time="4.461" errors="0" timestamp="2023-05-06T06:37:18 UTC" skipped="0">
  <testcase classname="com.simplilearn.SeleniumDemos.LocatorsIdentifiers" name="testLinks" time="4.461"/>
  <system-out/>
</testsuite> <!-- com.simplilearn.SeleniumDemos.LocatorsIdentifiers -->
