<?xml version="1.0" encoding="UTF-8"?>
<!-- Generated by org.testng.reporters.JUnitReportReporter -->
<testsuite hostname="ip-172-31-21-20" failures="0" tests="1" name="com.simplilearn.SeleniumDemos.DragAndDropDemo" time="3.010" errors="0" timestamp="2023-05-06T07:11:25 UTC" skipped="0">
  <testcase classname="com.simplilearn.SeleniumDemos.DragAndDropDemo" name="testDragAndDrop" time="3.010"/>
  <system-out/>
</testsuite> <!-- com.simplilearn.SeleniumDemos.DragAndDropDemo -->
