<?xml version="1.0" encoding="UTF-8"?>
<!-- Generated by org.testng.reporters.JUnitReportReporter -->
<testsuite hostname="ip-172-31-21-20" failures="0" tests="1" name="com.simplilearn.Session2.AppTest" time="4.192" errors="0" timestamp="2023-08-05T07:50:44 UTC" skipped="0">
  <testcase classname="com.simplilearn.Session2.AppTest" name="learningWebDriverCommands" time="4.192"/>
  <system-out/>
</testsuite> <!-- com.simplilearn.Session2.AppTest -->
