<?xml version="1.0" encoding="UTF-8"?>
<!-- Generated by org.testng.reporters.JUnitReportReporter -->
<testsuite hostname="ip-172-31-21-20" failures="0" tests="1" name="com.simplilearn.SeleniumDemos.CssSelectorsDemo" time="2.709" errors="0" timestamp="2023-05-06T06:57:06 UTC" skipped="0">
  <testcase classname="com.simplilearn.SeleniumDemos.CssSelectorsDemo" name="testCSSSelectors1" time="2.709"/>
  <system-out/>
</testsuite> <!-- com.simplilearn.SeleniumDemos.CssSelectorsDemo -->
